<?xml version="1.0" encoding="UTF-8"?>
<testng-results ignored="0" total="2" passed="2" failed="0" skipped="0">
  <reporter-output>
  </reporter-output>
  <suite started-at="2023-03-14T00:09:41 IST" name="Default suite" finished-at="2023-03-14T00:10:20 IST" duration-ms="39082">
    <groups>
    </groups>
    <test started-at="2023-03-14T00:09:41 IST" name="Default test" finished-at="2023-03-14T00:10:20 IST" duration-ms="39082">
      <class name="testcase_RUNNER.Reusable_Methods_Profile">
        <test-method is-config="true" signature="set_Up()[pri:0, instance:testcase_RUNNER.Reusable_Methods_Profile@4808bc9b]" started-at="2023-03-14T00:09:41 IST" name="set_Up" finished-at="2023-03-14T00:09:47 IST" duration-ms="6018" status="PASS">
          <reporter-output>
          </reporter-output>
        </test-method> <!-- set_Up -->
        <test-method signature="Login(java.lang.String,java.lang.String)[pri:0, instance:testcase_RUNNER.Reusable_Methods_Profile@4808bc9b]" started-at="2023-03-14T00:09:47 IST" name="Login" data-provider="Login" finished-at="2023-03-14T00:09:55 IST" duration-ms="7306" status="PASS">
          <params>
            <param index="0">
              <value>
                <![CDATA[automationtesting327@gmail.com]]>
              </value>
            </param>
            <param index="1">
              <value>
                <![CDATA[automationtesting327]]>
              </value>
            </param>
          </params>
          <reporter-output>
          </reporter-output>
        </test-method> <!-- Login -->
        <test-method signature="Testimonials(java.lang.String,java.lang.String,java.lang.String)[pri:8, instance:testcase_RUNNER.Reusable_Methods_Profile@4808bc9b]" started-at="2023-03-14T00:09:55 IST" name="Testimonials" data-provider="Testimonial" finished-at="2023-03-14T00:10:20 IST" duration-ms="25024" status="PASS">
          <params>
            <param index="0">
              <value>
                <![CDATA[Uplers]]>
              </value>
            </param>
            <param index="1">
              <value>
                <![CDATA[Uplers pvt Ltd]]>
              </value>
            </param>
            <param index="2">
              <value>
                <![CDATA[Getting a shout-out from an influencer, celebrity, or well-known brand all counts as an influencer testimonial example. This can be a highly beneficial and powerful example of how your business serves well-known people in your industry.]]>
              </value>
            </param>
          </params>
          <reporter-output>
          </reporter-output>
        </test-method> <!-- Testimonials -->
        <test-method is-config="true" signature="tear_Down()[pri:0, instance:testcase_RUNNER.Reusable_Methods_Profile@4808bc9b]" started-at="2023-03-14T00:10:20 IST" name="tear_Down" finished-at="2023-03-14T00:10:20 IST" duration-ms="1" status="PASS">
          <reporter-output>
          </reporter-output>
        </test-method> <!-- tear_Down -->
      </class> <!-- testcase_RUNNER.Reusable_Methods_Profile -->
    </test> <!-- Default test -->
  </suite> <!-- Default suite -->
</testng-results>
